nohup: ignoring input
++ date +%s
+ start=1767977235
+++ realpath ./explore.sh
++ dirname /circuzz/fyp_experiments/mina/explore.sh
+ SCRIPT_PATH=/circuzz/fyp_experiments/mina
++ realpath /circuzz/fyp_experiments/mina/../../
+ CIRCUZZ_ROOT=/circuzz
+ MINA_ARITHMETIC_CONFIG=fyp_experiments/mina/config/mina-arithmetic.json
+ MINA_BOOLEAN_CONFIG=fyp_experiments/mina/config/mina-boolean.json
+ IMAGE_MINA_DEFAULT=mina-latest
+ SEED=2003
+ VERBOSITY=3
+ USE_TMP=1
+ T_SECONDS=0
+ T_MINUTES=0
+ T_HOURS=24
+ MINA_ARITHMETIC_NUM=1
+ MINA_ARITHMETIC_CPUS=2
+ MINA_BOOLEAN_NUM=1
+ MINA_BOOLEAN_CPUS=2
+ TMP_DIR=/tmp/circuzz/seed-2003-date-1767977235
+ OBJ_DIR=/circuzz/fyp_experiments/mina/obj/seed-2003-date-1767977235
+ WAIT_BETWEEN=2
+ PODMAN_TIMEOUT=86700
++ printf %sh%sm%ss 24 0 0
+ TOOL_TIMEOUT=24h0m0s
+ cd /circuzz/fyp_experiments/mina
+ RANDOM=2003
+ mkdir -p /circuzz/fyp_experiments/mina/obj/seed-2003-date-1767977235
+ [[ 1 -eq 1 ]]
+ mkdir -p /tmp/circuzz/seed-2003-date-1767977235
+ [[ 1 -ne 0 ]]
++ seq 1 1
+ for i in $(seq 1 $MINA_ARITHMETIC_NUM)
+ R=12196
+ start mina mina-latest mina-arithmetic-1 2 12196 fyp_experiments/mina/config/mina-arithmetic.json
+ echo 'Started mina-arithmetic 1/1 with seed 12196 ...'
Started mina-arithmetic 1/1 with seed 12196 ...
+ sleep 2
+ CONFIG=fyp_experiments/mina/config/mina-arithmetic.json
+ echo 'Starting mina with seed 12196 using config fyp_experiments/mina/config/mina-arithmetic.json ...'
Starting mina with seed 12196 using config fyp_experiments/mina/config/mina-arithmetic.json ...
+ EXPLORE_REP_DIR=/circuzz/fyp_experiments/mina/obj/seed-2003-date-1767977235/mina-arithmetic-1/explore/report
+ LOG_DIR_RUN=/circuzz/fyp_experiments/mina/obj/seed-2003-date-1767977235/mina-arithmetic-1/explore/logs
+ PREFIXED_EXPLORE_REP_DIR=/app/fyp_experiments/mina/obj/seed-2003-date-1767977235/mina-arithmetic-1/explore/report
+ [[ 1 -eq 1 ]]
+ EXPLORE_WORK_DIR=/tmp/mina-arithmetic-1/explore/working
+ store_config
+ CONFIG_DST=
+ touch /circuzz/fyp_experiments/mina/obj/seed-2003-date-1767977235/explore_config.txt
+ echo MINA_ARITHMETIC_CONFIG=fyp_experiments/mina/config/mina-arithmetic.json
+ echo MINA_BOOLEAN_CONFIG=fyp_experiments/mina/config/mina-boolean.json
+ echo IMAGE_MINA_DEFAULT=mina-latest
+ echo SEED=2003
+ echo VERBOSITY=3
+ echo USE_TMP=1
+ echo T_HOURS=24
+ echo T_MINUTES=0
+ echo T_SECONDS=0
+ echo MINA_ARITHMETIC_NUM=1
+ echo MINA_ARITHMETIC_CPUS=2
+ echo MINA_BOOLEAN_NUM=1
+ echo MINA_BOOLEAN_CPUS=2
+ mkdir -p /circuzz/fyp_experiments/mina/obj/seed-2003-date-1767977235/mina-arithmetic-1/explore/report
+ mkdir -p /circuzz/fyp_experiments/mina/obj/seed-2003-date-1767977235/mina-arithmetic-1/explore/logs
+ [[ 1 -eq 1 ]]
+ podman run --timeout=86700 --pids-limit=-1 --cpus=2 -v /circuzz/:/app -v /tmp/circuzz/seed-2003-date-1767977235:/tmp --rm mina-latest python3 cli.py explore --tool mina -v3 --timeout 24h0m0s --working-dir /tmp/mina-arithmetic-1/explore/working --report-dir /app/fyp_experiments/mina/obj/seed-2003-date-1767977235/mina-arithmetic-1/explore/report --seed 12196 --config fyp_experiments/mina/config/mina-arithmetic.json
++ jobs -p
+ wait 21668
+ [[ 1 -ne 0 ]]
++ seq 1 1
+ for i in $(seq 1 $MINA_BOOLEAN_NUM)
+ R=4229
+ echo 'Started mina-boolean 1/1 with seed 4229 ...'
Started mina-boolean 1/1 with seed 4229 ...
+ sleep 2
+ start mina mina-latest mina-boolean-1 2 4229 fyp_experiments/mina/config/mina-boolean.json
+ CONFIG=fyp_experiments/mina/config/mina-boolean.json
+ echo 'Starting mina with seed 4229 using config fyp_experiments/mina/config/mina-boolean.json ...'
Starting mina with seed 4229 using config fyp_experiments/mina/config/mina-boolean.json ...
+ EXPLORE_REP_DIR=/circuzz/fyp_experiments/mina/obj/seed-2003-date-1767977235/mina-boolean-1/explore/report
+ LOG_DIR_RUN=/circuzz/fyp_experiments/mina/obj/seed-2003-date-1767977235/mina-boolean-1/explore/logs
+ PREFIXED_EXPLORE_REP_DIR=/app/fyp_experiments/mina/obj/seed-2003-date-1767977235/mina-boolean-1/explore/report
+ [[ 1 -eq 1 ]]
+ EXPLORE_WORK_DIR=/tmp/mina-boolean-1/explore/working
+ store_config
+ CONFIG_DST=
+ touch /circuzz/fyp_experiments/mina/obj/seed-2003-date-1767977235/explore_config.txt
+ echo MINA_ARITHMETIC_CONFIG=fyp_experiments/mina/config/mina-arithmetic.json
+ echo MINA_BOOLEAN_CONFIG=fyp_experiments/mina/config/mina-boolean.json
+ echo IMAGE_MINA_DEFAULT=mina-latest
+ echo SEED=2003
+ echo VERBOSITY=3
+ echo USE_TMP=1
+ echo T_HOURS=24
+ echo T_MINUTES=0
+ echo T_SECONDS=0
+ echo MINA_ARITHMETIC_NUM=1
+ echo MINA_ARITHMETIC_CPUS=2
+ echo MINA_BOOLEAN_NUM=1
+ echo MINA_BOOLEAN_CPUS=2
+ mkdir -p /circuzz/fyp_experiments/mina/obj/seed-2003-date-1767977235/mina-boolean-1/explore/report
+ mkdir -p /circuzz/fyp_experiments/mina/obj/seed-2003-date-1767977235/mina-boolean-1/explore/logs
+ [[ 1 -eq 1 ]]
++ jobs -p
+ wait 21781
+ podman run --timeout=86700 --pids-limit=-1 --cpus=2 -v /circuzz/:/app -v /tmp/circuzz/seed-2003-date-1767977235:/tmp --rm mina-latest python3 cli.py explore --tool mina -v3 --timeout 24h0m0s --working-dir /tmp/mina-boolean-1/explore/working --report-dir /app/fyp_experiments/mina/obj/seed-2003-date-1767977235/mina-boolean-1/explore/report --seed 4229 --config fyp_experiments/mina/config/mina-boolean.json
++ jobs -p
+ wait 21663 21776
